


ARM Macro Assembler    Page 1 


    1 00000000         ;
    2 00000000         ; CSU11021 Introduction to Computing I 2019/2020
    3 00000000         ; Basic ARM Assembly Language
    4 00000000         ;
    5 00000000         
    6 00000000                 AREA             RESET, CODE, READONLY
    7 00000000                 ENTRY
    8 00000000         
    9 00000000         ; Write your solution for all parts (i) to (iv) below.
   10 00000000         
   11 00000000         ; Tip: Right-click on any instruction and select 'Run to
                        cursor' to
   12 00000000         ; "fast forward" the processor to that instruction.
   13 00000000         
   14 00000000         ; (i) 3x+y
   15 00000000         
   16 00000000 E3A01002        LDR              R1, =2      ; x = 2
   17 00000004 E3A02003        LDR              R2, =3      ; y = 3
   18 00000008         
   19 00000008 E3A03003        LDR              R3, =3      ; Coefficient for m
                                                            ultiplication
   20 0000000C E0000391        MUL              R0, R1, R3  ; 3x
   21 00000010 E0820000        ADD              R0, R2, R0  ; 3x + y
   22 00000014         
   23 00000014         
   24 00000014         ; (ii) 3x^2+5x
   25 00000014         
   26 00000014 E3A01002        LDR              R1, =2      ; x = 2
   27 00000018         
   28 00000018 E0000191        MUL              R0, R1, R1  ; x^2
   29 0000001C E3A02003        LDR              R2, =3
   30 00000020 E0000092        MUL              R0, R2, R0  ; 3x^2
   31 00000024 E1A03001        MOV              R3, R1      ; Keep copy of x
   32 00000028 E3A02005        LDR              R2, =5
   33 0000002C E0030392        MUL              R3, R2, R3  ; 5x
   34 00000030 E0830000        ADD              R0, R3, R0  ; 3x^2 + 5x
   35 00000034         
   36 00000034         
   37 00000034         ; (iii) 2x^2+6xy+3y^2
   38 00000034         
   39 00000034 E3A01002        LDR              R1, =2      ; x = 2
   40 00000038 E3A02003        LDR              R2, =3      ; y = 3
   41 0000003C         
   42 0000003C E0000191        MUL              R0, R1, R1  ; x^2
   43 00000040 E3A03002        LDR              R3, =2
   44 00000044 E0000093        MUL              R0, R3, R0  ; 2x^2
   45 00000048         
   46 00000048 E0040291        MUL              R4, R1, R2  ; xy
   47 0000004C E3A03006        LDR              R3, =6
   48 00000050 E0040493        MUL              R4, R3, R4  ; 6xy
   49 00000054 E0840000        ADD              R0, R4, R0  ; 2x^2 + 6xy
   50 00000058         
   51 00000058 E0040292        MUL              R4, R2, R2  ; y^2
   52 0000005C E3A03003        LDR              R3, =3
   53 00000060 E0040493        MUL              R4, R3, R4  ; 3y^2
   54 00000064 E0840000        ADD              R0, R4, R0  ; 2x^2 + 6xy + 3y^2
                                                             
   55 00000068         
   56 00000068         



ARM Macro Assembler    Page 2 


   57 00000068         
   58 00000068         
   59 00000068         ; (iv) x^3-4x^2+3x+8
   60 00000068         
   61 00000068 E3A01002        LDR              R1, =2      ; x = 2
   62 0000006C E3A02003        LDR              R2, =3      ; y = 3
   63 00000070         
   64 00000070 E0040191        MUL              R4, R1, R1  ; x^2
   65 00000074 E0000491        MUL              R0, R1, R4  ; x^3
   66 00000078         
   67 00000078 E3E03003        LDR              R3, =-4
   68 0000007C E0040493        MUL              R4, R3, R4  ; -4x^2
   69 00000080 E0840000        ADD              R0, R4, R0  ; x^3 - 4x^2
   70 00000084         
   71 00000084 E3A03003        LDR              R3, =3
   72 00000088 E0040391        MUL              R4, R1, R3  ; 3x
   73 0000008C E0840000        ADD              R0, R4, R0  ; x^3 - 4x^2 + 3x
   74 00000090         
   75 00000090 E2800008        ADD              R0, R0, #8  ; x^3 - 4x^2 + 3x +
                                                             8
   76 00000094         
   77 00000094         
   78 00000094         
   79 00000094 EAFFFFFE 
                       STOP    B                STOP
   80 00000098         
   81 00000098                 END
Command Line: --debug --xref --diag_suppress=9931 --apcs=interwork --depend=.\o
bjects\lab-1-3-basicassembly.d -o.\objects\lab-1-3-basicassembly.o -IC:\Keil_v5
\ARM\RV31\INC -IC:\Keil_v5\ARM\CMSIS\Include -IC:\Keil_v5\ARM\INC\Philips --pre
define="__EVAL SETA 1" --predefine="__UVISION_VERSION SETA 528" --list=.\listin
gs\lab-1-3-basicassembly.lst Lab-1-3-BasicAssembly.s



ARM Macro Assembler    Page 1 Alphabetic symbol ordering
Relocatable symbols

RESET 00000000

Symbol: RESET
   Definitions
      At line 6 in file Lab-1-3-BasicAssembly.s
   Uses
      None
Comment: RESET unused
STOP 00000094

Symbol: STOP
   Definitions
      At line 79 in file Lab-1-3-BasicAssembly.s
   Uses
      At line 79 in file Lab-1-3-BasicAssembly.s
Comment: STOP used once
2 symbols
334 symbols in table
